

<!DOCTYPE html>
<html>
<head>
<meta charset="utf-8">
<meta name="viewport" content="width=device-width, initial-scale=1, shrink-to-fit=no">
<title>.\Report\ExtnetReports2024.03.21.12.12.08.html</title>
<link rel="apple-touch-icon" href="https://cdn.jsdelivr.net/gh/extent-framework/extent-github-cdn@b00a2d0486596e73dd7326beacf352c639623a0e/commons/img/logo.png">
<link rel="shortcut icon" href="https://cdn.jsdelivr.net/gh/extent-framework/extent-github-cdn@b00a2d0486596e73dd7326beacf352c639623a0e/commons/img/logo.png">
<link href="https://cdn.jsdelivr.net/gh/extent-framework/extent-github-cdn@ce8b10435bcbae260c334c0d0c6b61d2c19b6168/spark/css/spark-style.css" rel="stylesheet" />
<link href="https://stackpath.bootstrapcdn.com/font-awesome/4.7.0/css/font-awesome.min.css" rel="stylesheet">
<script src="https://cdn.jsdelivr.net/gh/extent-framework/extent-github-cdn@7cc78ce/spark/js/jsontree.js"></script>
<style type="text/css"></style></head><body class="spa -report standard">
  <div class="app">
    <div class="layout">
<div class="header navbar">
<div class="vheader">
<div class="nav-logo">
<a href="#">
<div class="logo" style="background-image: url('https://cdn.jsdelivr.net/gh/extent-framework/extent-github-cdn@b00a2d0486596e73dd7326beacf352c639623a0e/commons/img/logo.png')"></div>
</a>
</div>
<ul class="nav-left">
<li class="search-box">
<a class="search-toggle" href="#">
<i class="search-icon fa fa-search"></i>
<i class="search-icon-close fa fa-close"></i>
</a>
</li>
<li class="search-input"><input id="search-tests" class="form-control" type="text" placeholder="Search..."></li>
</ul>
<ul class="nav-right">
<li class="m-r-10">
<a href="#"><span class="badge badge-primary">.\Report\ExtnetReports2024.03.21.12.12.08.html</span></a>
</li>
<li class="m-r-10">
<a href="#"><span class="badge badge-primary">Mar 21, 2024 12:12:08 PM</span></a>
</li>
</ul>
</div>
</div><div class="side-nav">
<div class="side-nav-inner">
<ul class="side-nav-menu">
<li class="nav-item dropdown" onclick="toggleView('test-view')">
<a id="nav-test" class="dropdown-toggle" href="#">
<span class="ico"><i class="fa fa-list"></i></span>
</a>
</li>
<li class="nav-item dropdown" onclick="toggleView('dashboard-view')">
<a id="nav-dashboard" class="dropdown-toggle" href="#">
<span class="ico"><i class="fa fa-bar-chart"></i></span>
</a>
</li>
</ul>
</div>
</div>      <div class="vcontainer">
        <div class="main-content">
<div class="test-wrapper row view test-view">
  <div class="test-list">
    <div class="test-list-tools">
<ul class="tools pull-left">
<li><a href="#"><span class="font-size-14">Tests</span></a></li>
</ul>
<ul class="tools text-right">
<li class="dropdown">
<a href="#" class="dropdown-toggle" data-toggle="dropdown"><i class="fa fa-exclamation-circle"></i></a>
<ul id="status-toggle" class="dropdown-menu dropdown-md p-v-0">
<a class="dropdown-item" status="pass" href="#"><span>Pass</span><span class="status success"></span></a>
<a class="dropdown-item" status="fail" href="#"><span>Fail</span><span class="status danger"></span></a>
<div class="dropdown-divider"></div>
<a status="clear" class="dropdown-item" href="#"><span>Clear</span><span class="pull-right"><i class="fa fa-close"></i></span></a>
</ul>
</li>
</ul>
</div>    <div class="test-list-wrapper scrollable">
      <ul class="test-list-item">
        <li class="test-item"  status="pass" test-id="1"
          author=""
          tag=""
          device="">
          <div class="test-detail">
            <p class="name">@TestCase : TC001_CreateChannel_Lead</p>
            <p class="text-sm">
              <span>12:12:10 PM</span> / <span>00:01:02:766</span>
              <span class="badge pass-bg log float-right">Pass</span>
            </p>
          </div>
          <div class="test-contents d-none">
<div class="detail-head">
<div class="p-v-10">
<div class="info">
<h5 class="test-status text-pass">@TestCase : TC001_CreateChannel_Lead</h5>
<span class='badge badge-success'>03.21.2024 12:12:10 PM</span>
<span class='badge badge-danger'>03.21.2024 12:13:13 PM</span>
<span class='badge badge-default'>00:01:02:766</span>
&middot; <span class='uri-anchor badge badge-default'>#test-id=1</span>
<span title='Skip to the next failed step' class='badge badge-danger pointer float-right ne ml-1'><i class="fa fa-fast-forward"></i></span>
<span title='Collapse all nodes' class='badge badge-default pointer float-right ct ml-1'><i class="fa fa-compress"></i></span>
<span title='Expand all nodes' class='badge badge-default pointer float-right et'><i class="fa fa-expand"></i></span>
</div>
</div>
</div><div class="detail-body mt-4">
<table class="table table-sm">
  <thead><tr><th class="status-col">Status</th><th class="timestamp-col">Timestamp</th><th class="details-col">Details</th></tr></thead>
  <tbody>
      <tr class="event-row">
        <td><span class="badge log pass-bg">Pass</span></td>
        <td>12:13:13 PM</td>
        <td>
          <span class='badge white-text green'><b>TEST CASE:- TC001_CreateChannel_Lead PASSED</b></span>
        </td>
      </tr>
  </tbody>
</table>
</div>
          </div>
        </li>
        <li class="test-item"  status="fail" test-id="2"
          author=""
          tag=""
          device="">
          <div class="test-detail">
            <p class="name">@TestCase : TC002_CreateChannel_LeadMultiFilter2</p>
            <p class="text-sm">
              <span>12:13:15 PM</span> / <span>00:01:30:589</span>
              <span class="badge fail-bg log float-right">Fail</span>
            </p>
          </div>
          <div class="test-contents d-none">
<div class="detail-head">
<div class="p-v-10">
<div class="info">
<h5 class="test-status text-fail">@TestCase : TC002_CreateChannel_LeadMultiFilter2</h5>
<span class='badge badge-success'>03.21.2024 12:13:15 PM</span>
<span class='badge badge-danger'>03.21.2024 12:14:45 PM</span>
<span class='badge badge-default'>00:01:30:589</span>
&middot; <span class='uri-anchor badge badge-default'>#test-id=2</span>
<span title='Skip to the next failed step' class='badge badge-danger pointer float-right ne ml-1'><i class="fa fa-fast-forward"></i></span>
<span title='Collapse all nodes' class='badge badge-default pointer float-right ct ml-1'><i class="fa fa-compress"></i></span>
<span title='Expand all nodes' class='badge badge-default pointer float-right et'><i class="fa fa-expand"></i></span>
</div>
</div>
</div><div class="detail-body mt-4">
<table class="table table-sm">
  <thead><tr><th class="status-col">Status</th><th class="timestamp-col">Timestamp</th><th class="details-col">Details</th></tr></thead>
  <tbody>
      <tr class="event-row">
        <td><span class="badge log fail-bg">Fail</span></td>
        <td>12:14:45 PM</td>
        <td>
          no such element: Unable to locate element: {"method":"xpath","selector":"//span[text()='Stage']"}
  (Session info: chrome=122.0.6261.129)
For documentation on this error, please visit: https://www.selenium.dev/documentation/webdriver/troubleshooting/errors#no-such-element-exception
Build info: version: '4.16.1', revision: '9b4c83354e'
System info: os.name: 'Windows 11', os.arch: 'amd64', os.version: '10.0', java.version: '17.0.6'
Driver info: org.openqa.selenium.chrome.ChromeDriver
Command: [36729408b7d9ee407cbac63c5093dbe1, findElement {using=xpath, value=//span[text()='Stage']}]
Capabilities {acceptInsecureCerts: false, browserName: chrome, browserVersion: 122.0.6261.129, chrome: {chromedriverVersion: 121.0.6167.85 (3f98d690ad7e..., userDataDir: C:\Users\UPADPR~1\AppData\L...}, fedcm:accounts: true, goog:chromeOptions: {debuggerAddress: localhost:55669}, networkConnectionEnabled: false, pageLoadStrategy: normal, platformName: windows, proxy: Proxy(), se:cdp: ws://localhost:55669/devtoo..., se:cdpVersion: 122.0.6261.129, setWindowRect: true, strictFileInteractability: false, timeouts: {implicit: 0, pageLoad: 300000, script: 30000}, unhandledPromptBehavior: dismiss and notify, webauthn:extension:credBlob: true, webauthn:extension:largeBlob: true, webauthn:extension:minPinLength: true, webauthn:extension:prf: true, webauthn:virtualAuthenticators: true}
Session ID: 36729408b7d9ee407cbac63c5093dbe1
        </td>
      </tr>
      <tr class="event-row">
        <td><span class="badge log fail-bg">Fail</span></td>
        <td>12:14:45 PM</td>
        <td>
          <details><summary><b><font color=red>Exception Occured: Click to see</font></b ></summary>[java.base/jdk.internal.reflect.NativeConstructorAccessorImpl.newInstance0(Native Method)<br> java.base/jdk.internal.reflect.NativeConstructorAccessorImpl.newInstance(NativeConstructorAccessorImpl.java:77)<br> java.base/jdk.internal.reflect.DelegatingConstructorAccessorImpl.newInstance(DelegatingConstructorAccessorImpl.java:45)<br> java.base/java.lang.reflect.Constructor.newInstanceWithCaller(Constructor.java:499)<br> java.base/java.lang.reflect.Constructor.newInstance(Constructor.java:480)<br> org.openqa.selenium.remote.codec.w3c.W3CHttpResponseCodec.createException(W3CHttpResponseCodec.java:200)<br> org.openqa.selenium.remote.codec.w3c.W3CHttpResponseCodec.decode(W3CHttpResponseCodec.java:133)<br> org.openqa.selenium.remote.codec.w3c.W3CHttpResponseCodec.decode(W3CHttpResponseCodec.java:52)<br> org.openqa.selenium.remote.HttpCommandExecutor.execute(HttpCommandExecutor.java:191)<br> org.openqa.selenium.remote.service.DriverCommandExecutor.invokeExecute(DriverCommandExecutor.java:200)<br> org.openqa.selenium.remote.service.DriverCommandExecutor.execute(DriverCommandExecutor.java:175)<br> org.openqa.selenium.remote.RemoteWebDriver.execute(RemoteWebDriver.java:523)<br> org.openqa.selenium.remote.ElementLocation$ElementFinder$2.findElement(ElementLocation.java:165)<br> org.openqa.selenium.remote.ElementLocation.findElement(ElementLocation.java:59)<br> org.openqa.selenium.remote.RemoteWebDriver.findElement(RemoteWebDriver.java:360)<br> org.openqa.selenium.remote.RemoteWebDriver.findElement(RemoteWebDriver.java:354)<br> com.liono360.questionnaire.TC_002CreateChannel_LeadMultiFilter2.TC002_CreateChannel_LeadMultiFilter2(TC_002CreateChannel_LeadMultiFilter2.java:115)<br> java.base/jdk.internal.reflect.NativeMethodAccessorImpl.invoke0(Native Method)<br> java.base/jdk.internal.reflect.NativeMethodAccessorImpl.invoke(NativeMethodAccessorImpl.java:77)<br> java.base/jdk.internal.reflect.DelegatingMethodAccessorImpl.invoke(DelegatingMethodAccessorImpl.java:43)<br> java.base/java.lang.reflect.Method.invoke(Method.java:568)<br> org.testng.internal.MethodInvocationHelper.invokeMethod(MethodInvocationHelper.java:133)<br> org.testng.internal.TestInvoker.invokeMethod(TestInvoker.java:598)<br> org.testng.internal.TestInvoker.invokeTestMethod(TestInvoker.java:173)<br> org.testng.internal.MethodRunner.runInSequence(MethodRunner.java:46)<br> org.testng.internal.TestInvoker$MethodInvocationAgent.invoke(TestInvoker.java:824)<br> org.testng.internal.TestInvoker.invokeTestMethods(TestInvoker.java:146)<br> org.testng.internal.TestMethodWorker.invokeTestMethods(TestMethodWorker.java:146)<br> org.testng.internal.TestMethodWorker.run(TestMethodWorker.java:128)<br> java.base/java.util.ArrayList.forEach(ArrayList.java:1511)<br> org.testng.TestRunner.privateRun(TestRunner.java:794)<br> org.testng.TestRunner.run(TestRunner.java:596)<br> org.testng.SuiteRunner.runTest(SuiteRunner.java:377)<br> org.testng.SuiteRunner.runSequentially(SuiteRunner.java:371)<br> org.testng.SuiteRunner.privateRun(SuiteRunner.java:332)<br> org.testng.SuiteRunner.run(SuiteRunner.java:276)<br> org.testng.SuiteRunnerWorker.runSuite(SuiteRunnerWorker.java:53)<br> org.testng.SuiteRunnerWorker.run(SuiteRunnerWorker.java:96)<br> org.testng.TestNG.runSuitesSequentially(TestNG.java:1212)<br> org.testng.TestNG.runSuitesLocally(TestNG.java:1134)<br> org.testng.TestNG.runSuites(TestNG.java:1063)<br> org.testng.TestNG.run(TestNG.java:1031)<br> org.testng.remote.AbstractRemoteTestNG.run(AbstractRemoteTestNG.java:115)<br> org.testng.remote.RemoteTestNG.initAndRun(RemoteTestNG.java:251)<br> org.testng.remote.RemoteTestNG.main(RemoteTestNG.java:77)]</details> 

        </td>
      </tr>
      <tr class="event-row">
        <td><span class="badge log fail-bg">Fail</span></td>
        <td>12:14:45 PM</td>
        <td>
          <b><font color=red>Screenshot of failure</font></b><br>
    <div class="row mb-3"><div class="col-md-3">
<img data-featherlight='Thu.Mar.21.12.14.45.IST.2024.jpg' src="Thu.Mar.21.12.14.45.IST.2024.jpg">
    
    </div></div>
        </td>
      </tr>
      <tr class="event-row">
        <td><span class="badge log fail-bg">Fail</span></td>
        <td>12:14:45 PM</td>
        <td>
          <span class='badge white-text red'><b>TEST CASE:- TC002_CreateChannel_LeadMultiFilter2 FAILED</b></span>
        </td>
      </tr>
  </tbody>
</table>
</div>
          </div>
        </li>
        <li class="test-item"  status="pass" test-id="3"
          author=""
          tag=""
          device="">
          <div class="test-detail">
            <p class="name">@TestCase : TC003_CreateChannel_LeadMultiFilter3</p>
            <p class="text-sm">
              <span>12:14:47 PM</span> / <span>00:01:54:382</span>
              <span class="badge pass-bg log float-right">Pass</span>
            </p>
          </div>
          <div class="test-contents d-none">
<div class="detail-head">
<div class="p-v-10">
<div class="info">
<h5 class="test-status text-pass">@TestCase : TC003_CreateChannel_LeadMultiFilter3</h5>
<span class='badge badge-success'>03.21.2024 12:14:47 PM</span>
<span class='badge badge-danger'>03.21.2024 12:16:41 PM</span>
<span class='badge badge-default'>00:01:54:382</span>
&middot; <span class='uri-anchor badge badge-default'>#test-id=3</span>
<span title='Skip to the next failed step' class='badge badge-danger pointer float-right ne ml-1'><i class="fa fa-fast-forward"></i></span>
<span title='Collapse all nodes' class='badge badge-default pointer float-right ct ml-1'><i class="fa fa-compress"></i></span>
<span title='Expand all nodes' class='badge badge-default pointer float-right et'><i class="fa fa-expand"></i></span>
</div>
</div>
</div><div class="detail-body mt-4">
<table class="table table-sm">
  <thead><tr><th class="status-col">Status</th><th class="timestamp-col">Timestamp</th><th class="details-col">Details</th></tr></thead>
  <tbody>
      <tr class="event-row">
        <td><span class="badge log pass-bg">Pass</span></td>
        <td>12:16:41 PM</td>
        <td>
          <span class='badge white-text green'><b>TEST CASE:- TC003_CreateChannel_LeadMultiFilter3 PASSED</b></span>
        </td>
      </tr>
  </tbody>
</table>
</div>
          </div>
        </li>
        <li class="test-item"  status="pass" test-id="4"
          author=""
          tag=""
          device="">
          <div class="test-detail">
            <p class="name">@TestCase : TC004_CreateChannel_AccountMultiFilter1</p>
            <p class="text-sm">
              <span>12:16:43 PM</span> / <span>00:00:40:718</span>
              <span class="badge pass-bg log float-right">Pass</span>
            </p>
          </div>
          <div class="test-contents d-none">
<div class="detail-head">
<div class="p-v-10">
<div class="info">
<h5 class="test-status text-pass">@TestCase : TC004_CreateChannel_AccountMultiFilter1</h5>
<span class='badge badge-success'>03.21.2024 12:16:43 PM</span>
<span class='badge badge-danger'>03.21.2024 12:17:24 PM</span>
<span class='badge badge-default'>00:00:40:718</span>
&middot; <span class='uri-anchor badge badge-default'>#test-id=4</span>
<span title='Skip to the next failed step' class='badge badge-danger pointer float-right ne ml-1'><i class="fa fa-fast-forward"></i></span>
<span title='Collapse all nodes' class='badge badge-default pointer float-right ct ml-1'><i class="fa fa-compress"></i></span>
<span title='Expand all nodes' class='badge badge-default pointer float-right et'><i class="fa fa-expand"></i></span>
</div>
</div>
</div><div class="detail-body mt-4">
<table class="table table-sm">
  <thead><tr><th class="status-col">Status</th><th class="timestamp-col">Timestamp</th><th class="details-col">Details</th></tr></thead>
  <tbody>
      <tr class="event-row">
        <td><span class="badge log pass-bg">Pass</span></td>
        <td>12:17:24 PM</td>
        <td>
          <span class='badge white-text green'><b>TEST CASE:- TC004_CreateChannel_AccountMultiFilter1 PASSED</b></span>
        </td>
      </tr>
  </tbody>
</table>
</div>
          </div>
        </li>
        <li class="test-item"  status="pass" test-id="5"
          author=""
          tag=""
          device="">
          <div class="test-detail">
            <p class="name">@TestCase : TC_007EditChannelTest</p>
            <p class="text-sm">
              <span>12:17:26 PM</span> / <span>00:01:09:903</span>
              <span class="badge pass-bg log float-right">Pass</span>
            </p>
          </div>
          <div class="test-contents d-none">
<div class="detail-head">
<div class="p-v-10">
<div class="info">
<h5 class="test-status text-pass">@TestCase : TC_007EditChannelTest</h5>
<span class='badge badge-success'>03.21.2024 12:17:26 PM</span>
<span class='badge badge-danger'>03.21.2024 12:18:36 PM</span>
<span class='badge badge-default'>00:01:09:903</span>
&middot; <span class='uri-anchor badge badge-default'>#test-id=5</span>
<span title='Skip to the next failed step' class='badge badge-danger pointer float-right ne ml-1'><i class="fa fa-fast-forward"></i></span>
<span title='Collapse all nodes' class='badge badge-default pointer float-right ct ml-1'><i class="fa fa-compress"></i></span>
<span title='Expand all nodes' class='badge badge-default pointer float-right et'><i class="fa fa-expand"></i></span>
</div>
</div>
</div><div class="detail-body mt-4">
<table class="table table-sm">
  <thead><tr><th class="status-col">Status</th><th class="timestamp-col">Timestamp</th><th class="details-col">Details</th></tr></thead>
  <tbody>
      <tr class="event-row">
        <td><span class="badge log pass-bg">Pass</span></td>
        <td>12:18:36 PM</td>
        <td>
          <span class='badge white-text green'><b>TEST CASE:- TC_007EditChannelTest PASSED</b></span>
        </td>
      </tr>
  </tbody>
</table>
</div>
          </div>
        </li>
        <li class="test-item"  status="pass" test-id="6"
          author=""
          tag=""
          device="">
          <div class="test-detail">
            <p class="name">@TestCase : TC_008EditChannelTest</p>
            <p class="text-sm">
              <span>12:18:37 PM</span> / <span>00:00:48:032</span>
              <span class="badge pass-bg log float-right">Pass</span>
            </p>
          </div>
          <div class="test-contents d-none">
<div class="detail-head">
<div class="p-v-10">
<div class="info">
<h5 class="test-status text-pass">@TestCase : TC_008EditChannelTest</h5>
<span class='badge badge-success'>03.21.2024 12:18:37 PM</span>
<span class='badge badge-danger'>03.21.2024 12:19:25 PM</span>
<span class='badge badge-default'>00:00:48:032</span>
&middot; <span class='uri-anchor badge badge-default'>#test-id=6</span>
<span title='Skip to the next failed step' class='badge badge-danger pointer float-right ne ml-1'><i class="fa fa-fast-forward"></i></span>
<span title='Collapse all nodes' class='badge badge-default pointer float-right ct ml-1'><i class="fa fa-compress"></i></span>
<span title='Expand all nodes' class='badge badge-default pointer float-right et'><i class="fa fa-expand"></i></span>
</div>
</div>
</div><div class="detail-body mt-4">
<table class="table table-sm">
  <thead><tr><th class="status-col">Status</th><th class="timestamp-col">Timestamp</th><th class="details-col">Details</th></tr></thead>
  <tbody>
      <tr class="event-row">
        <td><span class="badge log pass-bg">Pass</span></td>
        <td>12:19:25 PM</td>
        <td>
          <span class='badge white-text green'><b>TEST CASE:- TC_008EditChannelTest PASSED</b></span>
        </td>
      </tr>
  </tbody>
</table>
</div>
          </div>
        </li>
        <li class="test-item"  status="pass" test-id="7"
          author=""
          tag=""
          device="">
          <div class="test-detail">
            <p class="name">@TestCase : TC_009AddNewDropDownQuestionTest</p>
            <p class="text-sm">
              <span>12:19:27 PM</span> / <span>00:01:00:485</span>
              <span class="badge pass-bg log float-right">Pass</span>
            </p>
          </div>
          <div class="test-contents d-none">
<div class="detail-head">
<div class="p-v-10">
<div class="info">
<h5 class="test-status text-pass">@TestCase : TC_009AddNewDropDownQuestionTest</h5>
<span class='badge badge-success'>03.21.2024 12:19:27 PM</span>
<span class='badge badge-danger'>03.21.2024 12:20:28 PM</span>
<span class='badge badge-default'>00:01:00:485</span>
&middot; <span class='uri-anchor badge badge-default'>#test-id=7</span>
<span title='Skip to the next failed step' class='badge badge-danger pointer float-right ne ml-1'><i class="fa fa-fast-forward"></i></span>
<span title='Collapse all nodes' class='badge badge-default pointer float-right ct ml-1'><i class="fa fa-compress"></i></span>
<span title='Expand all nodes' class='badge badge-default pointer float-right et'><i class="fa fa-expand"></i></span>
</div>
</div>
</div><div class="detail-body mt-4">
<table class="table table-sm">
  <thead><tr><th class="status-col">Status</th><th class="timestamp-col">Timestamp</th><th class="details-col">Details</th></tr></thead>
  <tbody>
      <tr class="event-row">
        <td><span class="badge log pass-bg">Pass</span></td>
        <td>12:20:28 PM</td>
        <td>
          <span class='badge white-text green'><b>TEST CASE:- TC_009AddNewDropDownQuestionTest PASSED</b></span>
        </td>
      </tr>
  </tbody>
</table>
</div>
          </div>
        </li>
        <li class="test-item"  status="pass" test-id="8"
          author=""
          tag=""
          device="">
          <div class="test-detail">
            <p class="name">@TestCase : TC_010AddNewCheckBoxTypeQuestionTest</p>
            <p class="text-sm">
              <span>12:20:29 PM</span> / <span>00:01:58:604</span>
              <span class="badge pass-bg log float-right">Pass</span>
            </p>
          </div>
          <div class="test-contents d-none">
<div class="detail-head">
<div class="p-v-10">
<div class="info">
<h5 class="test-status text-pass">@TestCase : TC_010AddNewCheckBoxTypeQuestionTest</h5>
<span class='badge badge-success'>03.21.2024 12:20:29 PM</span>
<span class='badge badge-danger'>03.21.2024 12:22:28 PM</span>
<span class='badge badge-default'>00:01:58:604</span>
&middot; <span class='uri-anchor badge badge-default'>#test-id=8</span>
<span title='Skip to the next failed step' class='badge badge-danger pointer float-right ne ml-1'><i class="fa fa-fast-forward"></i></span>
<span title='Collapse all nodes' class='badge badge-default pointer float-right ct ml-1'><i class="fa fa-compress"></i></span>
<span title='Expand all nodes' class='badge badge-default pointer float-right et'><i class="fa fa-expand"></i></span>
</div>
</div>
</div><div class="detail-body mt-4">
<table class="table table-sm">
  <thead><tr><th class="status-col">Status</th><th class="timestamp-col">Timestamp</th><th class="details-col">Details</th></tr></thead>
  <tbody>
      <tr class="event-row">
        <td><span class="badge log pass-bg">Pass</span></td>
        <td>12:22:28 PM</td>
        <td>
          <span class='badge white-text green'><b>TEST CASE:- TC_010AddNewCheckBoxTypeQuestionTest PASSED</b></span>
        </td>
      </tr>
  </tbody>
</table>
</div>
          </div>
        </li>
        <li class="test-item"  status="fail" test-id="9"
          author=""
          tag=""
          device="">
          <div class="test-detail">
            <p class="name">@TestCase : TC_011AddNewRadioButtonTypeQuestionTest</p>
            <p class="text-sm">
              <span>12:22:30 PM</span> / <span>00:01:24:960</span>
              <span class="badge fail-bg log float-right">Fail</span>
            </p>
          </div>
          <div class="test-contents d-none">
<div class="detail-head">
<div class="p-v-10">
<div class="info">
<h5 class="test-status text-fail">@TestCase : TC_011AddNewRadioButtonTypeQuestionTest</h5>
<span class='badge badge-success'>03.21.2024 12:22:30 PM</span>
<span class='badge badge-danger'>03.21.2024 12:23:55 PM</span>
<span class='badge badge-default'>00:01:24:960</span>
&middot; <span class='uri-anchor badge badge-default'>#test-id=9</span>
<span title='Skip to the next failed step' class='badge badge-danger pointer float-right ne ml-1'><i class="fa fa-fast-forward"></i></span>
<span title='Collapse all nodes' class='badge badge-default pointer float-right ct ml-1'><i class="fa fa-compress"></i></span>
<span title='Expand all nodes' class='badge badge-default pointer float-right et'><i class="fa fa-expand"></i></span>
</div>
</div>
</div><div class="detail-body mt-4">
<table class="table table-sm">
  <thead><tr><th class="status-col">Status</th><th class="timestamp-col">Timestamp</th><th class="details-col">Details</th></tr></thead>
  <tbody>
      <tr class="event-row">
        <td><span class="badge log fail-bg">Fail</span></td>
        <td>12:23:55 PM</td>
        <td>
          element click intercepted: Element <span class="ng-star-inserted">...</span> is not clickable at point (449, 465). Other element would receive the click: <div _ngcontent-xpa-c54="" class="loader ng-star-inserted">...</div>
  (Session info: chrome=122.0.6261.129)
Build info: version: '4.16.1', revision: '9b4c83354e'
System info: os.name: 'Windows 11', os.arch: 'amd64', os.version: '10.0', java.version: '17.0.6'
Driver info: org.openqa.selenium.chrome.ChromeDriver
Command: [9d0830ddb914e16eebe329d65efae033, clickElement {id=4F7280DE8CA812CC5F8D3E29A60C51D9_element_105}]
Capabilities {acceptInsecureCerts: false, browserName: chrome, browserVersion: 122.0.6261.129, chrome: {chromedriverVersion: 121.0.6167.85 (3f98d690ad7e..., userDataDir: C:\Users\UPADPR~1\AppData\L...}, fedcm:accounts: true, goog:chromeOptions: {debuggerAddress: localhost:56004}, networkConnectionEnabled: false, pageLoadStrategy: normal, platformName: windows, proxy: Proxy(), se:cdp: ws://localhost:56004/devtoo..., se:cdpVersion: 122.0.6261.129, setWindowRect: true, strictFileInteractability: false, timeouts: {implicit: 0, pageLoad: 300000, script: 30000}, unhandledPromptBehavior: dismiss and notify, webauthn:extension:credBlob: true, webauthn:extension:largeBlob: true, webauthn:extension:minPinLength: true, webauthn:extension:prf: true, webauthn:virtualAuthenticators: true}
Element: [[ChromeDriver: chrome on windows (9d0830ddb914e16eebe329d65efae033)] -> xpath: //span[text()='RadioButton']]
Session ID: 9d0830ddb914e16eebe329d65efae033
        </td>
      </tr>
      <tr class="event-row">
        <td><span class="badge log fail-bg">Fail</span></td>
        <td>12:23:55 PM</td>
        <td>
          <details><summary><b><font color=red>Exception Occured: Click to see</font></b ></summary>[java.base/jdk.internal.reflect.NativeConstructorAccessorImpl.newInstance0(Native Method)<br> java.base/jdk.internal.reflect.NativeConstructorAccessorImpl.newInstance(NativeConstructorAccessorImpl.java:77)<br> java.base/jdk.internal.reflect.DelegatingConstructorAccessorImpl.newInstance(DelegatingConstructorAccessorImpl.java:45)<br> java.base/java.lang.reflect.Constructor.newInstanceWithCaller(Constructor.java:499)<br> java.base/java.lang.reflect.Constructor.newInstance(Constructor.java:480)<br> org.openqa.selenium.remote.codec.w3c.W3CHttpResponseCodec.createException(W3CHttpResponseCodec.java:200)<br> org.openqa.selenium.remote.codec.w3c.W3CHttpResponseCodec.decode(W3CHttpResponseCodec.java:133)<br> org.openqa.selenium.remote.codec.w3c.W3CHttpResponseCodec.decode(W3CHttpResponseCodec.java:52)<br> org.openqa.selenium.remote.HttpCommandExecutor.execute(HttpCommandExecutor.java:191)<br> org.openqa.selenium.remote.service.DriverCommandExecutor.invokeExecute(DriverCommandExecutor.java:200)<br> org.openqa.selenium.remote.service.DriverCommandExecutor.execute(DriverCommandExecutor.java:175)<br> org.openqa.selenium.remote.RemoteWebDriver.execute(RemoteWebDriver.java:523)<br> org.openqa.selenium.remote.RemoteWebElement.execute(RemoteWebElement.java:224)<br> org.openqa.selenium.remote.RemoteWebElement.click(RemoteWebElement.java:77)<br> com.liono360.questionnaire.TC_011AddNewRadioButtonTypeQuestion.TC_011AddNewRadioButtonTypeQuestionTest(TC_011AddNewRadioButtonTypeQuestion.java:50)<br> java.base/jdk.internal.reflect.NativeMethodAccessorImpl.invoke0(Native Method)<br> java.base/jdk.internal.reflect.NativeMethodAccessorImpl.invoke(NativeMethodAccessorImpl.java:77)<br> java.base/jdk.internal.reflect.DelegatingMethodAccessorImpl.invoke(DelegatingMethodAccessorImpl.java:43)<br> java.base/java.lang.reflect.Method.invoke(Method.java:568)<br> org.testng.internal.MethodInvocationHelper.invokeMethod(MethodInvocationHelper.java:133)<br> org.testng.internal.TestInvoker.invokeMethod(TestInvoker.java:598)<br> org.testng.internal.TestInvoker.invokeTestMethod(TestInvoker.java:173)<br> org.testng.internal.MethodRunner.runInSequence(MethodRunner.java:46)<br> org.testng.internal.TestInvoker$MethodInvocationAgent.invoke(TestInvoker.java:824)<br> org.testng.internal.TestInvoker.invokeTestMethods(TestInvoker.java:146)<br> org.testng.internal.TestMethodWorker.invokeTestMethods(TestMethodWorker.java:146)<br> org.testng.internal.TestMethodWorker.run(TestMethodWorker.java:128)<br> java.base/java.util.ArrayList.forEach(ArrayList.java:1511)<br> org.testng.TestRunner.privateRun(TestRunner.java:794)<br> org.testng.TestRunner.run(TestRunner.java:596)<br> org.testng.SuiteRunner.runTest(SuiteRunner.java:377)<br> org.testng.SuiteRunner.runSequentially(SuiteRunner.java:371)<br> org.testng.SuiteRunner.privateRun(SuiteRunner.java:332)<br> org.testng.SuiteRunner.run(SuiteRunner.java:276)<br> org.testng.SuiteRunnerWorker.runSuite(SuiteRunnerWorker.java:53)<br> org.testng.SuiteRunnerWorker.run(SuiteRunnerWorker.java:96)<br> org.testng.TestNG.runSuitesSequentially(TestNG.java:1212)<br> org.testng.TestNG.runSuitesLocally(TestNG.java:1134)<br> org.testng.TestNG.runSuites(TestNG.java:1063)<br> org.testng.TestNG.run(TestNG.java:1031)<br> org.testng.remote.AbstractRemoteTestNG.run(AbstractRemoteTestNG.java:115)<br> org.testng.remote.RemoteTestNG.initAndRun(RemoteTestNG.java:251)<br> org.testng.remote.RemoteTestNG.main(RemoteTestNG.java:77)]</details> 

        </td>
      </tr>
      <tr class="event-row">
        <td><span class="badge log fail-bg">Fail</span></td>
        <td>12:23:55 PM</td>
        <td>
          <b><font color=red>Screenshot of failure</font></b><br>
    <div class="row mb-3"><div class="col-md-3">
<img data-featherlight='Thu.Mar.21.12.23.55.IST.2024.jpg' src="Thu.Mar.21.12.23.55.IST.2024.jpg">
    
    </div></div>
        </td>
      </tr>
      <tr class="event-row">
        <td><span class="badge log fail-bg">Fail</span></td>
        <td>12:23:55 PM</td>
        <td>
          <span class='badge white-text red'><b>TEST CASE:- TC_011AddNewRadioButtonTypeQuestionTest FAILED</b></span>
        </td>
      </tr>
  </tbody>
</table>
</div>
          </div>
        </li>
        <li class="test-item"  status="pass" test-id="10"
          author=""
          tag=""
          device="">
          <div class="test-detail">
            <p class="name">@TestCase : TC_012AddNewToggleButtonTypeQuestionTest</p>
            <p class="text-sm">
              <span>12:23:57 PM</span> / <span>00:00:31:068</span>
              <span class="badge pass-bg log float-right">Pass</span>
            </p>
          </div>
          <div class="test-contents d-none">
<div class="detail-head">
<div class="p-v-10">
<div class="info">
<h5 class="test-status text-pass">@TestCase : TC_012AddNewToggleButtonTypeQuestionTest</h5>
<span class='badge badge-success'>03.21.2024 12:23:57 PM</span>
<span class='badge badge-danger'>03.21.2024 12:24:28 PM</span>
<span class='badge badge-default'>00:00:31:068</span>
&middot; <span class='uri-anchor badge badge-default'>#test-id=10</span>
<span title='Skip to the next failed step' class='badge badge-danger pointer float-right ne ml-1'><i class="fa fa-fast-forward"></i></span>
<span title='Collapse all nodes' class='badge badge-default pointer float-right ct ml-1'><i class="fa fa-compress"></i></span>
<span title='Expand all nodes' class='badge badge-default pointer float-right et'><i class="fa fa-expand"></i></span>
</div>
</div>
</div><div class="detail-body mt-4">
<table class="table table-sm">
  <thead><tr><th class="status-col">Status</th><th class="timestamp-col">Timestamp</th><th class="details-col">Details</th></tr></thead>
  <tbody>
      <tr class="event-row">
        <td><span class="badge log pass-bg">Pass</span></td>
        <td>12:24:28 PM</td>
        <td>
          <span class='badge white-text green'><b>TEST CASE:- TC_012AddNewToggleButtonTypeQuestionTest PASSED</b></span>
        </td>
      </tr>
  </tbody>
</table>
</div>
          </div>
        </li>
        <li class="test-item"  status="pass" test-id="11"
          author=""
          tag=""
          device="">
          <div class="test-detail">
            <p class="name">@TestCase : TC_013AddNewPictureTypeQuestionTest</p>
            <p class="text-sm">
              <span>12:24:29 PM</span> / <span>00:00:48:882</span>
              <span class="badge pass-bg log float-right">Pass</span>
            </p>
          </div>
          <div class="test-contents d-none">
<div class="detail-head">
<div class="p-v-10">
<div class="info">
<h5 class="test-status text-pass">@TestCase : TC_013AddNewPictureTypeQuestionTest</h5>
<span class='badge badge-success'>03.21.2024 12:24:29 PM</span>
<span class='badge badge-danger'>03.21.2024 12:25:18 PM</span>
<span class='badge badge-default'>00:00:48:882</span>
&middot; <span class='uri-anchor badge badge-default'>#test-id=11</span>
<span title='Skip to the next failed step' class='badge badge-danger pointer float-right ne ml-1'><i class="fa fa-fast-forward"></i></span>
<span title='Collapse all nodes' class='badge badge-default pointer float-right ct ml-1'><i class="fa fa-compress"></i></span>
<span title='Expand all nodes' class='badge badge-default pointer float-right et'><i class="fa fa-expand"></i></span>
</div>
</div>
</div><div class="detail-body mt-4">
<table class="table table-sm">
  <thead><tr><th class="status-col">Status</th><th class="timestamp-col">Timestamp</th><th class="details-col">Details</th></tr></thead>
  <tbody>
      <tr class="event-row">
        <td><span class="badge log pass-bg">Pass</span></td>
        <td>12:25:18 PM</td>
        <td>
          <span class='badge white-text green'><b>TEST CASE:- TC_013AddNewPictureTypeQuestionTest PASSED</b></span>
        </td>
      </tr>
  </tbody>
</table>
</div>
          </div>
        </li>
        <li class="test-item"  status="pass" test-id="12"
          author=""
          tag=""
          device="">
          <div class="test-detail">
            <p class="name">@TestCase : TC_014FileUploadTypeQuestionTest</p>
            <p class="text-sm">
              <span>12:25:20 PM</span> / <span>00:01:50:128</span>
              <span class="badge pass-bg log float-right">Pass</span>
            </p>
          </div>
          <div class="test-contents d-none">
<div class="detail-head">
<div class="p-v-10">
<div class="info">
<h5 class="test-status text-pass">@TestCase : TC_014FileUploadTypeQuestionTest</h5>
<span class='badge badge-success'>03.21.2024 12:25:20 PM</span>
<span class='badge badge-danger'>03.21.2024 12:27:10 PM</span>
<span class='badge badge-default'>00:01:50:128</span>
&middot; <span class='uri-anchor badge badge-default'>#test-id=12</span>
<span title='Skip to the next failed step' class='badge badge-danger pointer float-right ne ml-1'><i class="fa fa-fast-forward"></i></span>
<span title='Collapse all nodes' class='badge badge-default pointer float-right ct ml-1'><i class="fa fa-compress"></i></span>
<span title='Expand all nodes' class='badge badge-default pointer float-right et'><i class="fa fa-expand"></i></span>
</div>
</div>
</div><div class="detail-body mt-4">
<table class="table table-sm">
  <thead><tr><th class="status-col">Status</th><th class="timestamp-col">Timestamp</th><th class="details-col">Details</th></tr></thead>
  <tbody>
      <tr class="event-row">
        <td><span class="badge log pass-bg">Pass</span></td>
        <td>12:27:10 PM</td>
        <td>
          <span class='badge white-text green'><b>TEST CASE:- TC_014FileUploadTypeQuestionTest PASSED</b></span>
        </td>
      </tr>
  </tbody>
</table>
</div>
          </div>
        </li>
        <li class="test-item"  status="pass" test-id="13"
          author=""
          tag=""
          device="">
          <div class="test-detail">
            <p class="name">@TestCase : TC_015RatingTypeQuestionTest</p>
            <p class="text-sm">
              <span>12:27:12 PM</span> / <span>00:00:42:836</span>
              <span class="badge pass-bg log float-right">Pass</span>
            </p>
          </div>
          <div class="test-contents d-none">
<div class="detail-head">
<div class="p-v-10">
<div class="info">
<h5 class="test-status text-pass">@TestCase : TC_015RatingTypeQuestionTest</h5>
<span class='badge badge-success'>03.21.2024 12:27:12 PM</span>
<span class='badge badge-danger'>03.21.2024 12:27:55 PM</span>
<span class='badge badge-default'>00:00:42:836</span>
&middot; <span class='uri-anchor badge badge-default'>#test-id=13</span>
<span title='Skip to the next failed step' class='badge badge-danger pointer float-right ne ml-1'><i class="fa fa-fast-forward"></i></span>
<span title='Collapse all nodes' class='badge badge-default pointer float-right ct ml-1'><i class="fa fa-compress"></i></span>
<span title='Expand all nodes' class='badge badge-default pointer float-right et'><i class="fa fa-expand"></i></span>
</div>
</div>
</div><div class="detail-body mt-4">
<table class="table table-sm">
  <thead><tr><th class="status-col">Status</th><th class="timestamp-col">Timestamp</th><th class="details-col">Details</th></tr></thead>
  <tbody>
      <tr class="event-row">
        <td><span class="badge log pass-bg">Pass</span></td>
        <td>12:27:55 PM</td>
        <td>
          <span class='badge white-text green'><b>TEST CASE:- TC_015RatingTypeQuestionTest PASSED</b></span>
        </td>
      </tr>
  </tbody>
</table>
</div>
          </div>
        </li>
        <li class="test-item"  status="fail" test-id="14"
          author=""
          tag=""
          device="">
          <div class="test-detail">
            <p class="name">@TestCase : TC_010AddNewCheckBoxTypeQuestionTest</p>
            <p class="text-sm">
              <span>12:27:57 PM</span> / <span>00:01:46:244</span>
              <span class="badge fail-bg log float-right">Fail</span>
            </p>
          </div>
          <div class="test-contents d-none">
<div class="detail-head">
<div class="p-v-10">
<div class="info">
<h5 class="test-status text-fail">@TestCase : TC_010AddNewCheckBoxTypeQuestionTest</h5>
<span class='badge badge-success'>03.21.2024 12:27:57 PM</span>
<span class='badge badge-danger'>03.21.2024 12:29:43 PM</span>
<span class='badge badge-default'>00:01:46:244</span>
&middot; <span class='uri-anchor badge badge-default'>#test-id=14</span>
<span title='Skip to the next failed step' class='badge badge-danger pointer float-right ne ml-1'><i class="fa fa-fast-forward"></i></span>
<span title='Collapse all nodes' class='badge badge-default pointer float-right ct ml-1'><i class="fa fa-compress"></i></span>
<span title='Expand all nodes' class='badge badge-default pointer float-right et'><i class="fa fa-expand"></i></span>
</div>
</div>
</div><div class="detail-body mt-4">
<table class="table table-sm">
  <thead><tr><th class="status-col">Status</th><th class="timestamp-col">Timestamp</th><th class="details-col">Details</th></tr></thead>
  <tbody>
      <tr class="event-row">
        <td><span class="badge log fail-bg">Fail</span></td>
        <td>12:29:43 PM</td>
        <td>
          element click intercepted: Element <span class="ng-star-inserted">...</span> is not clickable at point (440, 582). Other element would receive the click: <li role="option" pripple="" class="p-ripple p-element p-dropdown-item" id="" aria-label="Rating" aria-selected="false">...</li>
  (Session info: chrome=122.0.6261.129)
Build info: version: '4.16.1', revision: '9b4c83354e'
System info: os.name: 'Windows 11', os.arch: 'amd64', os.version: '10.0', java.version: '17.0.6'
Driver info: org.openqa.selenium.chrome.ChromeDriver
Command: [0230f0c4c112bc0ae3e12453a5a04fe6, clickElement {id=D1F344AE9D40ACBCF7A4FF7DF790E844_element_162}]
Capabilities {acceptInsecureCerts: false, browserName: chrome, browserVersion: 122.0.6261.129, chrome: {chromedriverVersion: 121.0.6167.85 (3f98d690ad7e..., userDataDir: C:\Users\UPADPR~1\AppData\L...}, fedcm:accounts: true, goog:chromeOptions: {debuggerAddress: localhost:56158}, networkConnectionEnabled: false, pageLoadStrategy: normal, platformName: windows, proxy: Proxy(), se:cdp: ws://localhost:56158/devtoo..., se:cdpVersion: 122.0.6261.129, setWindowRect: true, strictFileInteractability: false, timeouts: {implicit: 0, pageLoad: 300000, script: 30000}, unhandledPromptBehavior: dismiss and notify, webauthn:extension:credBlob: true, webauthn:extension:largeBlob: true, webauthn:extension:minPinLength: true, webauthn:extension:prf: true, webauthn:virtualAuthenticators: true}
Element: [[ChromeDriver: chrome on windows (0230f0c4c112bc0ae3e12453a5a04fe6)] -> xpath: //span[text()='InputBox']]
Session ID: 0230f0c4c112bc0ae3e12453a5a04fe6
        </td>
      </tr>
      <tr class="event-row">
        <td><span class="badge log fail-bg">Fail</span></td>
        <td>12:29:43 PM</td>
        <td>
          <details><summary><b><font color=red>Exception Occured: Click to see</font></b ></summary>[java.base/jdk.internal.reflect.NativeConstructorAccessorImpl.newInstance0(Native Method)<br> java.base/jdk.internal.reflect.NativeConstructorAccessorImpl.newInstance(NativeConstructorAccessorImpl.java:77)<br> java.base/jdk.internal.reflect.DelegatingConstructorAccessorImpl.newInstance(DelegatingConstructorAccessorImpl.java:45)<br> java.base/java.lang.reflect.Constructor.newInstanceWithCaller(Constructor.java:499)<br> java.base/java.lang.reflect.Constructor.newInstance(Constructor.java:480)<br> org.openqa.selenium.remote.codec.w3c.W3CHttpResponseCodec.createException(W3CHttpResponseCodec.java:200)<br> org.openqa.selenium.remote.codec.w3c.W3CHttpResponseCodec.decode(W3CHttpResponseCodec.java:133)<br> org.openqa.selenium.remote.codec.w3c.W3CHttpResponseCodec.decode(W3CHttpResponseCodec.java:52)<br> org.openqa.selenium.remote.HttpCommandExecutor.execute(HttpCommandExecutor.java:191)<br> org.openqa.selenium.remote.service.DriverCommandExecutor.invokeExecute(DriverCommandExecutor.java:200)<br> org.openqa.selenium.remote.service.DriverCommandExecutor.execute(DriverCommandExecutor.java:175)<br> org.openqa.selenium.remote.RemoteWebDriver.execute(RemoteWebDriver.java:523)<br> org.openqa.selenium.remote.RemoteWebElement.execute(RemoteWebElement.java:224)<br> org.openqa.selenium.remote.RemoteWebElement.click(RemoteWebElement.java:77)<br> com.liono360.questionnaire.TC_016InputBoxTypeQuestion.TC_010AddNewCheckBoxTypeQuestionTest(TC_016InputBoxTypeQuestion.java:51)<br> java.base/jdk.internal.reflect.NativeMethodAccessorImpl.invoke0(Native Method)<br> java.base/jdk.internal.reflect.NativeMethodAccessorImpl.invoke(NativeMethodAccessorImpl.java:77)<br> java.base/jdk.internal.reflect.DelegatingMethodAccessorImpl.invoke(DelegatingMethodAccessorImpl.java:43)<br> java.base/java.lang.reflect.Method.invoke(Method.java:568)<br> org.testng.internal.MethodInvocationHelper.invokeMethod(MethodInvocationHelper.java:133)<br> org.testng.internal.TestInvoker.invokeMethod(TestInvoker.java:598)<br> org.testng.internal.TestInvoker.invokeTestMethod(TestInvoker.java:173)<br> org.testng.internal.MethodRunner.runInSequence(MethodRunner.java:46)<br> org.testng.internal.TestInvoker$MethodInvocationAgent.invoke(TestInvoker.java:824)<br> org.testng.internal.TestInvoker.invokeTestMethods(TestInvoker.java:146)<br> org.testng.internal.TestMethodWorker.invokeTestMethods(TestMethodWorker.java:146)<br> org.testng.internal.TestMethodWorker.run(TestMethodWorker.java:128)<br> java.base/java.util.ArrayList.forEach(ArrayList.java:1511)<br> org.testng.TestRunner.privateRun(TestRunner.java:794)<br> org.testng.TestRunner.run(TestRunner.java:596)<br> org.testng.SuiteRunner.runTest(SuiteRunner.java:377)<br> org.testng.SuiteRunner.runSequentially(SuiteRunner.java:371)<br> org.testng.SuiteRunner.privateRun(SuiteRunner.java:332)<br> org.testng.SuiteRunner.run(SuiteRunner.java:276)<br> org.testng.SuiteRunnerWorker.runSuite(SuiteRunnerWorker.java:53)<br> org.testng.SuiteRunnerWorker.run(SuiteRunnerWorker.java:96)<br> org.testng.TestNG.runSuitesSequentially(TestNG.java:1212)<br> org.testng.TestNG.runSuitesLocally(TestNG.java:1134)<br> org.testng.TestNG.runSuites(TestNG.java:1063)<br> org.testng.TestNG.run(TestNG.java:1031)<br> org.testng.remote.AbstractRemoteTestNG.run(AbstractRemoteTestNG.java:115)<br> org.testng.remote.RemoteTestNG.initAndRun(RemoteTestNG.java:251)<br> org.testng.remote.RemoteTestNG.main(RemoteTestNG.java:77)]</details> 

        </td>
      </tr>
      <tr class="event-row">
        <td><span class="badge log fail-bg">Fail</span></td>
        <td>12:29:43 PM</td>
        <td>
          <b><font color=red>Screenshot of failure</font></b><br>
    <div class="row mb-3"><div class="col-md-3">
<img data-featherlight='Thu.Mar.21.12.29.43.IST.2024.jpg' src="Thu.Mar.21.12.29.43.IST.2024.jpg">
    
    </div></div>
        </td>
      </tr>
      <tr class="event-row">
        <td><span class="badge log fail-bg">Fail</span></td>
        <td>12:29:43 PM</td>
        <td>
          <span class='badge white-text red'><b>TEST CASE:- TC_010AddNewCheckBoxTypeQuestionTest FAILED</b></span>
        </td>
      </tr>
  </tbody>
</table>
</div>
          </div>
        </li>
        <li class="test-item"  status="fail" test-id="15"
          author=""
          tag=""
          device="">
          <div class="test-detail">
            <p class="name">@TestCase : TC_017EditQuestionsTest</p>
            <p class="text-sm">
              <span>12:29:45 PM</span> / <span>00:01:39:979</span>
              <span class="badge fail-bg log float-right">Fail</span>
            </p>
          </div>
          <div class="test-contents d-none">
<div class="detail-head">
<div class="p-v-10">
<div class="info">
<h5 class="test-status text-fail">@TestCase : TC_017EditQuestionsTest</h5>
<span class='badge badge-success'>03.21.2024 12:29:45 PM</span>
<span class='badge badge-danger'>03.21.2024 12:31:25 PM</span>
<span class='badge badge-default'>00:01:39:979</span>
&middot; <span class='uri-anchor badge badge-default'>#test-id=15</span>
<span title='Skip to the next failed step' class='badge badge-danger pointer float-right ne ml-1'><i class="fa fa-fast-forward"></i></span>
<span title='Collapse all nodes' class='badge badge-default pointer float-right ct ml-1'><i class="fa fa-compress"></i></span>
<span title='Expand all nodes' class='badge badge-default pointer float-right et'><i class="fa fa-expand"></i></span>
</div>
</div>
</div><div class="detail-body mt-4">
<table class="table table-sm">
  <thead><tr><th class="status-col">Status</th><th class="timestamp-col">Timestamp</th><th class="details-col">Details</th></tr></thead>
  <tbody>
      <tr class="event-row">
        <td><span class="badge log fail-bg">Fail</span></td>
        <td>12:31:25 PM</td>
        <td>
          element click intercepted: Element <span class="p-button-icon pi pi-times" aria-hidden="true"></span> is not clickable at point (944, 281). Other element would receive the click: <div _ngcontent-pam-c54="" style="display: flex; justify-content: space-between; width: 100%;" class="ng-star-inserted">...</div>
  (Session info: chrome=122.0.6261.129)
Build info: version: '4.16.1', revision: '9b4c83354e'
System info: os.name: 'Windows 11', os.arch: 'amd64', os.version: '10.0', java.version: '17.0.6'
Driver info: org.openqa.selenium.chrome.ChromeDriver
Command: [62d960c282d14046f91ac4091eab6ad5, clickElement {id=338F3C4543C2D1BBDA5F64C3E9352022_element_28}]
Capabilities {acceptInsecureCerts: false, browserName: chrome, browserVersion: 122.0.6261.129, chrome: {chromedriverVersion: 121.0.6167.85 (3f98d690ad7e..., userDataDir: C:\Users\UPADPR~1\AppData\L...}, fedcm:accounts: true, goog:chromeOptions: {debuggerAddress: localhost:56200}, networkConnectionEnabled: false, pageLoadStrategy: normal, platformName: windows, proxy: Proxy(), se:cdp: ws://localhost:56200/devtoo..., se:cdpVersion: 122.0.6261.129, setWindowRect: true, strictFileInteractability: false, timeouts: {implicit: 0, pageLoad: 300000, script: 30000}, unhandledPromptBehavior: dismiss and notify, webauthn:extension:credBlob: true, webauthn:extension:largeBlob: true, webauthn:extension:minPinLength: true, webauthn:extension:prf: true, webauthn:virtualAuthenticators: true}
Element: [[ChromeDriver: chrome on windows (62d960c282d14046f91ac4091eab6ad5)] -> xpath: //span[@class='p-button-icon pi pi-times']]
Session ID: 62d960c282d14046f91ac4091eab6ad5
        </td>
      </tr>
      <tr class="event-row">
        <td><span class="badge log fail-bg">Fail</span></td>
        <td>12:31:25 PM</td>
        <td>
          <details><summary><b><font color=red>Exception Occured: Click to see</font></b ></summary>[java.base/jdk.internal.reflect.NativeConstructorAccessorImpl.newInstance0(Native Method)<br> java.base/jdk.internal.reflect.NativeConstructorAccessorImpl.newInstance(NativeConstructorAccessorImpl.java:77)<br> java.base/jdk.internal.reflect.DelegatingConstructorAccessorImpl.newInstance(DelegatingConstructorAccessorImpl.java:45)<br> java.base/java.lang.reflect.Constructor.newInstanceWithCaller(Constructor.java:499)<br> java.base/java.lang.reflect.Constructor.newInstance(Constructor.java:480)<br> org.openqa.selenium.remote.codec.w3c.W3CHttpResponseCodec.createException(W3CHttpResponseCodec.java:200)<br> org.openqa.selenium.remote.codec.w3c.W3CHttpResponseCodec.decode(W3CHttpResponseCodec.java:133)<br> org.openqa.selenium.remote.codec.w3c.W3CHttpResponseCodec.decode(W3CHttpResponseCodec.java:52)<br> org.openqa.selenium.remote.HttpCommandExecutor.execute(HttpCommandExecutor.java:191)<br> org.openqa.selenium.remote.service.DriverCommandExecutor.invokeExecute(DriverCommandExecutor.java:200)<br> org.openqa.selenium.remote.service.DriverCommandExecutor.execute(DriverCommandExecutor.java:175)<br> org.openqa.selenium.remote.RemoteWebDriver.execute(RemoteWebDriver.java:523)<br> org.openqa.selenium.remote.RemoteWebElement.execute(RemoteWebElement.java:224)<br> org.openqa.selenium.remote.RemoteWebElement.click(RemoteWebElement.java:77)<br> com.liono360.loginPage.Baseclass.CancelCookie(Baseclass.java:207)<br> com.liono360.loginPage.Baseclass.redirectToCRM(Baseclass.java:186)<br> com.liono360.questionnaire.TC_017EditQuestions.TC_017EditQuestionsTest(TC_017EditQuestions.java:20)<br> java.base/jdk.internal.reflect.NativeMethodAccessorImpl.invoke0(Native Method)<br> java.base/jdk.internal.reflect.NativeMethodAccessorImpl.invoke(NativeMethodAccessorImpl.java:77)<br> java.base/jdk.internal.reflect.DelegatingMethodAccessorImpl.invoke(DelegatingMethodAccessorImpl.java:43)<br> java.base/java.lang.reflect.Method.invoke(Method.java:568)<br> org.testng.internal.MethodInvocationHelper.invokeMethod(MethodInvocationHelper.java:133)<br> org.testng.internal.TestInvoker.invokeMethod(TestInvoker.java:598)<br> org.testng.internal.TestInvoker.invokeTestMethod(TestInvoker.java:173)<br> org.testng.internal.MethodRunner.runInSequence(MethodRunner.java:46)<br> org.testng.internal.TestInvoker$MethodInvocationAgent.invoke(TestInvoker.java:824)<br> org.testng.internal.TestInvoker.invokeTestMethods(TestInvoker.java:146)<br> org.testng.internal.TestMethodWorker.invokeTestMethods(TestMethodWorker.java:146)<br> org.testng.internal.TestMethodWorker.run(TestMethodWorker.java:128)<br> java.base/java.util.ArrayList.forEach(ArrayList.java:1511)<br> org.testng.TestRunner.privateRun(TestRunner.java:794)<br> org.testng.TestRunner.run(TestRunner.java:596)<br> org.testng.SuiteRunner.runTest(SuiteRunner.java:377)<br> org.testng.SuiteRunner.runSequentially(SuiteRunner.java:371)<br> org.testng.SuiteRunner.privateRun(SuiteRunner.java:332)<br> org.testng.SuiteRunner.run(SuiteRunner.java:276)<br> org.testng.SuiteRunnerWorker.runSuite(SuiteRunnerWorker.java:53)<br> org.testng.SuiteRunnerWorker.run(SuiteRunnerWorker.java:96)<br> org.testng.TestNG.runSuitesSequentially(TestNG.java:1212)<br> org.testng.TestNG.runSuitesLocally(TestNG.java:1134)<br> org.testng.TestNG.runSuites(TestNG.java:1063)<br> org.testng.TestNG.run(TestNG.java:1031)<br> org.testng.remote.AbstractRemoteTestNG.run(AbstractRemoteTestNG.java:115)<br> org.testng.remote.RemoteTestNG.initAndRun(RemoteTestNG.java:251)<br> org.testng.remote.RemoteTestNG.main(RemoteTestNG.java:77)]</details> 

        </td>
      </tr>
      <tr class="event-row">
        <td><span class="badge log fail-bg">Fail</span></td>
        <td>12:31:25 PM</td>
        <td>
          <b><font color=red>Screenshot of failure</font></b><br>
    <div class="row mb-3"><div class="col-md-3">
<img data-featherlight='Thu.Mar.21.12.31.25.IST.2024.jpg' src="Thu.Mar.21.12.31.25.IST.2024.jpg">
    
    </div></div>
        </td>
      </tr>
      <tr class="event-row">
        <td><span class="badge log fail-bg">Fail</span></td>
        <td>12:31:25 PM</td>
        <td>
          <span class='badge white-text red'><b>TEST CASE:- TC_017EditQuestionsTest FAILED</b></span>
        </td>
      </tr>
  </tbody>
</table>
</div>
          </div>
        </li>
        <li class="test-item"  status="fail" test-id="16"
          author=""
          tag=""
          device="">
          <div class="test-detail">
            <p class="name">@TestCase : TC_018DeleteQuestionTest</p>
            <p class="text-sm">
              <span>12:31:27 PM</span> / <span>00:00:56:811</span>
              <span class="badge fail-bg log float-right">Fail</span>
            </p>
          </div>
          <div class="test-contents d-none">
<div class="detail-head">
<div class="p-v-10">
<div class="info">
<h5 class="test-status text-fail">@TestCase : TC_018DeleteQuestionTest</h5>
<span class='badge badge-success'>03.21.2024 12:31:27 PM</span>
<span class='badge badge-danger'>03.21.2024 12:32:23 PM</span>
<span class='badge badge-default'>00:00:56:811</span>
&middot; <span class='uri-anchor badge badge-default'>#test-id=16</span>
<span title='Skip to the next failed step' class='badge badge-danger pointer float-right ne ml-1'><i class="fa fa-fast-forward"></i></span>
<span title='Collapse all nodes' class='badge badge-default pointer float-right ct ml-1'><i class="fa fa-compress"></i></span>
<span title='Expand all nodes' class='badge badge-default pointer float-right et'><i class="fa fa-expand"></i></span>
</div>
</div>
</div><div class="detail-body mt-4">
<table class="table table-sm">
  <thead><tr><th class="status-col">Status</th><th class="timestamp-col">Timestamp</th><th class="details-col">Details</th></tr></thead>
  <tbody>
      <tr class="event-row">
        <td><span class="badge log fail-bg">Fail</span></td>
        <td>12:32:23 PM</td>
        <td>
          expected [true] but found [false]
        </td>
      </tr>
      <tr class="event-row">
        <td><span class="badge log fail-bg">Fail</span></td>
        <td>12:32:23 PM</td>
        <td>
          <details><summary><b><font color=red>Exception Occured: Click to see</font></b ></summary>[org.testng.Assert.fail(Assert.java:99)<br> org.testng.Assert.failNotEquals(Assert.java:1037)<br> org.testng.Assert.assertTrue(Assert.java:45)<br> org.testng.Assert.assertTrue(Assert.java:55)<br> com.liono360.questionnaire.TC_018DeleteQuestion.TC_018DeleteQuestionTest(TC_018DeleteQuestion.java:58)<br> java.base/jdk.internal.reflect.NativeMethodAccessorImpl.invoke0(Native Method)<br> java.base/jdk.internal.reflect.NativeMethodAccessorImpl.invoke(NativeMethodAccessorImpl.java:77)<br> java.base/jdk.internal.reflect.DelegatingMethodAccessorImpl.invoke(DelegatingMethodAccessorImpl.java:43)<br> java.base/java.lang.reflect.Method.invoke(Method.java:568)<br> org.testng.internal.MethodInvocationHelper.invokeMethod(MethodInvocationHelper.java:133)<br> org.testng.internal.TestInvoker.invokeMethod(TestInvoker.java:598)<br> org.testng.internal.TestInvoker.invokeTestMethod(TestInvoker.java:173)<br> org.testng.internal.MethodRunner.runInSequence(MethodRunner.java:46)<br> org.testng.internal.TestInvoker$MethodInvocationAgent.invoke(TestInvoker.java:824)<br> org.testng.internal.TestInvoker.invokeTestMethods(TestInvoker.java:146)<br> org.testng.internal.TestMethodWorker.invokeTestMethods(TestMethodWorker.java:146)<br> org.testng.internal.TestMethodWorker.run(TestMethodWorker.java:128)<br> java.base/java.util.ArrayList.forEach(ArrayList.java:1511)<br> org.testng.TestRunner.privateRun(TestRunner.java:794)<br> org.testng.TestRunner.run(TestRunner.java:596)<br> org.testng.SuiteRunner.runTest(SuiteRunner.java:377)<br> org.testng.SuiteRunner.runSequentially(SuiteRunner.java:371)<br> org.testng.SuiteRunner.privateRun(SuiteRunner.java:332)<br> org.testng.SuiteRunner.run(SuiteRunner.java:276)<br> org.testng.SuiteRunnerWorker.runSuite(SuiteRunnerWorker.java:53)<br> org.testng.SuiteRunnerWorker.run(SuiteRunnerWorker.java:96)<br> org.testng.TestNG.runSuitesSequentially(TestNG.java:1212)<br> org.testng.TestNG.runSuitesLocally(TestNG.java:1134)<br> org.testng.TestNG.runSuites(TestNG.java:1063)<br> org.testng.TestNG.run(TestNG.java:1031)<br> org.testng.remote.AbstractRemoteTestNG.run(AbstractRemoteTestNG.java:115)<br> org.testng.remote.RemoteTestNG.initAndRun(RemoteTestNG.java:251)<br> org.testng.remote.RemoteTestNG.main(RemoteTestNG.java:77)]</details> 

        </td>
      </tr>
      <tr class="event-row">
        <td><span class="badge log fail-bg">Fail</span></td>
        <td>12:32:23 PM</td>
        <td>
          <b><font color=red>Screenshot of failure</font></b><br>
    <div class="row mb-3"><div class="col-md-3">
<img data-featherlight='Thu.Mar.21.12.32.23.IST.2024.jpg' src="Thu.Mar.21.12.32.23.IST.2024.jpg">
    
    </div></div>
        </td>
      </tr>
      <tr class="event-row">
        <td><span class="badge log fail-bg">Fail</span></td>
        <td>12:32:23 PM</td>
        <td>
          <span class='badge white-text red'><b>TEST CASE:- TC_018DeleteQuestionTest FAILED</b></span>
        </td>
      </tr>
  </tbody>
</table>
</div>
          </div>
        </li>
      </ul>
    </div>
  </div>
<div class="test-content scrollable">
<div class="test-content-tools">
<ul><li><a class="back-to-test" href="#"><i class="fa fa-arrow-left"></i></a></li></ul>
</div>
<div class="test-content-detail"><div class="detail-body"></div></div>
</div></div>
<div class="container-fluid p-4 view dashboard-view">
<div class="row">
<div class="col-md-3">
<div class="card"><div class="card-body">
<p class="m-b-0">Started</p>
<h3>Mar 21, 2024 12:12:08 PM</h3>
</div></div>
</div>
<div class="col-md-3">
<div class="card"><div class="card-body">
<p class="m-b-0">Ended</p>
<h3>Mar 21, 2024 12:32:24 PM</h3>
</div></div>
</div>
<div class="col-md-3">
<div class="card"><div class="card-body">
<p class="m-b-0 text-pass">Tests Passed</p>
<h3>11</h3>
</div></div>
</div>
<div class="col-md-3">
<div class="card"><div class="card-body">
<p class="m-b-0 text-fail">Tests Failed</p>
<h3>5</h3>
</div></div>
</div>
</div>
<div class="row">
<div class="col-md-6">
<div class="card">
<div class="card-header">
<h6 class="card-title">Tests</h6>
</div>
<div class="card-body">
<div class="">
<canvas id='parent-analysis' width='115' height='90'></canvas>
</div>
</div>
<div class="card-footer">
<div><small data-tooltip='68%'>
<b>11</b> tests passed
</small>
</div>
<div>
<small data-tooltip='31%'><b>5</b> tests failed,
<b>0</b> skipped, <b data-tooltip='0%'>0</b> others
</small>
</div>
</div>
</div>
</div>
<div class="col-md-6">
<div class="card">
<div class="card-header">
<h6 class="card-title">Log events</h6>
</div>
<div class="card-body">
<div class="">
<canvas id='events-analysis' width='115' height='90'></canvas>
</div>
</div>
<div class="card-footer">
<div><small data-tooltip='35%'><b>11</b> events passed</small></div>
<div>
<small data-tooltip='64%'><b>20</b> events failed,
<b data-tooltip='%'>0</b> others
</small>
</div>
</div>
</div>
</div>
</div>
<div class="row"><div class="col-md-12">
<div class="card"><div class="card-header"><p>Timeline</p></div>
<div class="card-body pt-0"><div>
<canvas id="timeline" height="120"></canvas>
</div></div>
</div>
</div></div>
<script>
var timeline = {
"@TestCase : TC001_CreateChannel_Lead":62.766,"@TestCase : TC002_CreateChannel_LeadMultiFilter2":90.589,"@TestCase : TC003_CreateChannel_LeadMultiFilter3":114.382,"@TestCase : TC004_CreateChannel_AccountMultiFilter1":40.718,"@TestCase : TC_007EditChannelTest":69.903,"@TestCase : TC_008EditChannelTest":48.032,"@TestCase : TC_009AddNewDropDownQuestionTest":60.485,"@TestCase : TC_010AddNewCheckBoxTypeQuestionTest":118.604,"@TestCase : TC_011AddNewRadioButtonTypeQuestionTest":84.96,"@TestCase : TC_012AddNewToggleButtonTypeQuestionTest":31.068,"@TestCase : TC_013AddNewPictureTypeQuestionTest":48.882,"@TestCase : TC_014FileUploadTypeQuestionTest":110.128,"@TestCase : TC_015RatingTypeQuestionTest":42.836,"@TestCase : TC_010AddNewCheckBoxTypeQuestionTest":106.244,"@TestCase : TC_017EditQuestionsTest":99.979,"@TestCase : TC_018DeleteQuestionTest":56.811
};
</script>
<div class="row">
<div class="col-lg-6 col-md-12 sysenv-container">
<div class="card">
<div class="card-header"><p>System/Environment</p></div>
<div class="card-body pb-0 pt-0"><table class="table table-sm table-bordered">
<thead><tr class="bg-gray"><th>Name</th><th>Value</th></tr></thead>
<tbody>
<tr>
<td>Automation Tester</td>
<td>Ruchika</td>
</tr>
<tr>
<td>Organization</td>
<td>LionOBytes</td>
</tr>
<tr>
<td>Environment</td>
<td>Production</td>
</tr>
</tbody>
</table></div>
</div>
</div>
</div>
</div>
<script>
var statusGroup = {
parentCount: 5,
passParent: 11,
failParent: 5,
warningParent: 0,
skipParent: 0,
childCount: 5,
passChild: 0,
failChild: 0,
warningChild: 0,
skipChild: 0,
infoChild: 0,
grandChildCount: 5,
passGrandChild: 0,
failGrandChild: 0,
warningGrandChild: 0,
skipGrandChild: 0,
infoGrandChild: 0,
eventsCount: 5,
passEvents: 11,
failEvents: 20,
warningEvents: 0,
skipEvents: 0,
infoEvents: 0
};
</script>        </div>
      </div>
    </div>
  </div>
<script src="https://cdn.jsdelivr.net/gh/extent-framework/extent-github-cdn@ce8b10435bcbae260c334c0d0c6b61d2c19b6168/spark/js/spark-script.js"></script>
<script type="text/javascript"></script></body>
</html>