<?xml version="1.0" encoding="UTF-8"?>
<!-- Generated by org.testng.reporters.JUnitXMLReporter -->
<testsuite ignored="0" hostname="Upadpro16gblenovoi54aaug2021" failures="1" tests="1" name="Default test" time="43.753" errors="0" timestamp="2025-04-09T17:51:45 IST">
  <testcase classname="com.liono360.accounts.TC_001CreateAccount" name="TC001CreateAccount" time="43.732">
    <failure type="java.lang.RuntimeException" message="&amp;lt;b&amp;gt;Unable to click within the specified duration of 20 seconds.....&amp;lt;/b&amp;gt;&amp;lt;br&amp;gt;element click intercepted: Element &amp;lt;span role=&amp;quot;combobox&amp;quot; pautofocus=&amp;quot;&amp;quot; class=&amp;quot;p-element p-dropdown-label p-inputtext p-placeholder ng-star-inserted&amp;quot; aria-disabled=&amp;quot;false&amp;quot; aria-label=&amp;quot;Select Timezone...&amp;quot; aria-haspopup=&amp;quot;listbox&amp;quot; aria-expanded=&amp;quot;false&amp;quot; tabindex=&amp;quot;0&amp;quot;&amp;gt;...&amp;lt;/span&amp;gt; is not clickable at point (1103, 1401). Other element would receive the click: &amp;lt;li pripple=&amp;quot;&amp;quot; role=&amp;quot;option&amp;quot; class=&amp;quot;p-ripple p-element p-multiselect-item p-focus&amp;quot; id=&amp;quot;pn_id_279_0&amp;quot; aria-label=&amp;quot;Customer&amp;quot; aria-setsize=&amp;quot;4&amp;quot; aria-posinset=&amp;quot;1&amp;quot; aria-selected=&amp;quot;true&amp;quot; data-p-focused=&amp;quot;true&amp;quot; data-p-highlight=&amp;quot;true&amp;quot; data-p-disabled=&amp;quot;false&amp;quot; aria-checked=&amp;quot;true&amp;quot;&amp;gt;...&amp;lt;/li&amp;gt;
  (Session info: chrome=135.0.7049.43)
Build info: version: &amp;apos;4.16.1&amp;apos;, revision: &amp;apos;9b4c83354e&amp;apos;
System info: os.name: &amp;apos;Windows 11&amp;apos;, os.arch: &amp;apos;amd64&amp;apos;, os.version: &amp;apos;10.0&amp;apos;, java.version: &amp;apos;21.0.6&amp;apos;
Driver info: org.openqa.selenium.chrome.ChromeDriver
Command: [83ce2add485469481650968c520f4b5c, clickElement {id=f.96DB8CA9EA3D163512DB2A7CC6AF7A25.d.1B07C0DD4DEEE1765F83F2EAE79DA319.e.1551}]
Capabilities {acceptInsecureCerts: false, browserName: chrome, browserVersion: 135.0.7049.43, chrome: {chromedriverVersion: 135.0.7049.84 (6c019e560019..., userDataDir: C:\Users\Testing\AppData\Lo...}, fedcm:accounts: true, goog:chromeOptions: {debuggerAddress: localhost:57869}, networkConnectionEnabled: false, pageLoadStrategy: normal, platformName: windows, proxy: Proxy(), se:cdp: ws://localhost:57869/devtoo..., se:cdpVersion: 135.0.7049.43, setWindowRect: true, strictFileInteractability: false, timeouts: {implicit: 0, pageLoad: 300000, script: 30000}, unhandledPromptBehavior: dismiss and notify, webauthn:extension:credBlob: true, webauthn:extension:largeBlob: true, webauthn:extension:minPinLength: true, webauthn:extension:prf: true, webauthn:virtualAuthenticators: true}
Element: [[ChromeDriver: chrome on windows (83ce2add485469481650968c520f4b5c)] -&amp;gt; xpath: //span[contains(text(),&amp;apos;Select Timezone&amp;apos;)]]
Session ID: 83ce2add485469481650968c520f4b5c">
      <![CDATA[java.lang.RuntimeException: <b>Unable to click within the specified duration of 20 seconds.....</b><br>element click intercepted: Element <span role="combobox" pautofocus="" class="p-element p-dropdown-label p-inputtext p-placeholder ng-star-inserted" aria-disabled="false" aria-label="Select Timezone..." aria-haspopup="listbox" aria-expanded="false" tabindex="0">...</span> is not clickable at point (1103, 1401). Other element would receive the click: <li pripple="" role="option" class="p-ripple p-element p-multiselect-item p-focus" id="pn_id_279_0" aria-label="Customer" aria-setsize="4" aria-posinset="1" aria-selected="true" data-p-focused="true" data-p-highlight="true" data-p-disabled="false" aria-checked="true">...</li>
  (Session info: chrome=135.0.7049.43)
Build info: version: '4.16.1', revision: '9b4c83354e'
System info: os.name: 'Windows 11', os.arch: 'amd64', os.version: '10.0', java.version: '21.0.6'
Driver info: org.openqa.selenium.chrome.ChromeDriver
Command: [83ce2add485469481650968c520f4b5c, clickElement {id=f.96DB8CA9EA3D163512DB2A7CC6AF7A25.d.1B07C0DD4DEEE1765F83F2EAE79DA319.e.1551}]
Capabilities {acceptInsecureCerts: false, browserName: chrome, browserVersion: 135.0.7049.43, chrome: {chromedriverVersion: 135.0.7049.84 (6c019e560019..., userDataDir: C:\Users\Testing\AppData\Lo...}, fedcm:accounts: true, goog:chromeOptions: {debuggerAddress: localhost:57869}, networkConnectionEnabled: false, pageLoadStrategy: normal, platformName: windows, proxy: Proxy(), se:cdp: ws://localhost:57869/devtoo..., se:cdpVersion: 135.0.7049.43, setWindowRect: true, strictFileInteractability: false, timeouts: {implicit: 0, pageLoad: 300000, script: 30000}, unhandledPromptBehavior: dismiss and notify, webauthn:extension:credBlob: true, webauthn:extension:largeBlob: true, webauthn:extension:minPinLength: true, webauthn:extension:prf: true, webauthn:virtualAuthenticators: true}
Element: [[ChromeDriver: chrome on windows (83ce2add485469481650968c520f4b5c)] -> xpath: //span[contains(text(),'Select Timezone')]]
Session ID: 83ce2add485469481650968c520f4b5c
at com.liono360.loginPage.Baseclass.TrySelectDropdown(Baseclass.java:380)
at com.liono360.accounts.TC_001CreateAccount.TC001CreateAccount(TC_001CreateAccount.java:129)
at java.base/jdk.internal.reflect.DirectMethodHandleAccessor.invoke(DirectMethodHandleAccessor.java:103)
at java.base/java.lang.reflect.Method.invoke(Method.java:580)
at org.testng.internal.MethodInvocationHelper.invokeMethod(MethodInvocationHelper.java:133)
at org.testng.internal.TestInvoker.invokeMethod(TestInvoker.java:598)
at org.testng.internal.TestInvoker.invokeTestMethod(TestInvoker.java:173)
at org.testng.internal.MethodRunner.runInSequence(MethodRunner.java:46)
at org.testng.internal.TestInvoker$MethodInvocationAgent.invoke(TestInvoker.java:824)
at org.testng.internal.TestInvoker.invokeTestMethods(TestInvoker.java:146)
at org.testng.internal.TestMethodWorker.invokeTestMethods(TestMethodWorker.java:146)
at org.testng.internal.TestMethodWorker.run(TestMethodWorker.java:128)
at java.base/java.util.ArrayList.forEach(ArrayList.java:1596)
at org.testng.TestRunner.privateRun(TestRunner.java:794)
at org.testng.TestRunner.run(TestRunner.java:596)
at org.testng.SuiteRunner.runTest(SuiteRunner.java:377)
at org.testng.SuiteRunner.runSequentially(SuiteRunner.java:371)
at org.testng.SuiteRunner.privateRun(SuiteRunner.java:332)
at org.testng.SuiteRunner.run(SuiteRunner.java:276)
at org.testng.SuiteRunnerWorker.runSuite(SuiteRunnerWorker.java:53)
at org.testng.SuiteRunnerWorker.run(SuiteRunnerWorker.java:96)
at org.testng.TestNG.runSuitesSequentially(TestNG.java:1212)
at org.testng.TestNG.runSuitesLocally(TestNG.java:1134)
at org.testng.TestNG.runSuites(TestNG.java:1063)
at org.testng.TestNG.run(TestNG.java:1031)
at org.testng.remote.AbstractRemoteTestNG.run(AbstractRemoteTestNG.java:115)
at org.testng.remote.RemoteTestNG.initAndRun(RemoteTestNG.java:293)
at org.testng.remote.RemoteTestNG.main(RemoteTestNG.java:91)
]]>
    </failure>
  </testcase> <!-- TC001CreateAccount -->
</testsuite> <!-- Default test -->
